[debug] ----------------------------------------------------------------------
[debug] Command:      /usr/local/bin/node /usr/local/bin/firebase serve
[debug] CLI Version:  3.0.4
[debug] Platform:     darwin
[debug] Node Version: v4.4.7
[debug] Time:         Sun Jul 24 2016 19:10:25 GMT+0700 (ICT)
[debug] ----------------------------------------------------------------------
[debug] 
[info] Starting Firebase development server...
[info] 
[info] Project Directory: /Users/user/Desktop/firebase
[info] Public Directory: public
[info] 
[info] Server listening at: http://localhost:5000
[debug] ----------------------------------------------------------------------
[debug] Command:      /usr/local/bin/node /usr/local/bin/firebase serve
[debug] CLI Version:  3.0.4
[debug] Platform:     darwin
[debug] Node Version: v4.4.7
[debug] Time:         Mon Jul 25 2016 13:23:17 GMT+0700 (ICT)
[debug] ----------------------------------------------------------------------
[debug] 
[info] Starting Firebase development server...
[info] 
[info] Project Directory: /Users/user/Desktop/firebase
[info] Public Directory: public
[info] 
[info] Server listening at: http://localhost:5000
[debug] ----------------------------------------------------------------------
[debug] Command:      /usr/local/bin/node /usr/local/bin/firebase serve
[debug] CLI Version:  3.0.4
[debug] Platform:     darwin
[debug] Node Version: v4.4.7
[debug] Time:         Mon Jul 25 2016 16:10:58 GMT+0700 (ICT)
[debug] ----------------------------------------------------------------------
[debug] 
[info] Starting Firebase development server...
[info] 
[info] Project Directory: /Users/user/Desktop/firebase
[info] Public Directory: public
[info] 
[info] Server listening at: http://localhost:5000
[debug] ----------------------------------------------------------------------
[debug] Command:      /usr/local/bin/node /usr/local/bin/firebase serve
[debug] CLI Version:  3.0.4
[debug] Platform:     darwin
[debug] Node Version: v4.4.7
[debug] Time:         Tue Jul 26 2016 01:20:22 GMT+0700 (ICT)
[debug] ----------------------------------------------------------------------
[debug] 
[info] Starting Firebase development server...
[info] 
[info] Project Directory: /Users/user/Desktop/firebase
[info] Public Directory: public
[info] 
[info] Server listening at: http://localhost:5000
[debug] ----------------------------------------------------------------------
[debug] Command:      /usr/local/bin/node /usr/local/bin/firebase serve
[debug] CLI Version:  3.0.4
[debug] Platform:     darwin
[debug] Node Version: v4.4.7
[debug] Time:         Tue Jul 26 2016 14:21:00 GMT+0700 (ICT)
[debug] ----------------------------------------------------------------------
[debug] 
[info] Starting Firebase development server...
[info] 
[info] Project Directory: /Users/user/Desktop/firebase
[info] Public Directory: public
[info] 
[info] Server listening at: http://localhost:5000
[debug] ----------------------------------------------------------------------
[debug] Command:      /usr/local/bin/node /usr/local/bin/firebase serve
[debug] CLI Version:  3.0.4
[debug] Platform:     darwin
[debug] Node Version: v4.4.7
[debug] Time:         Tue Jul 26 2016 23:35:50 GMT+0700 (ICT)
[debug] ----------------------------------------------------------------------
[debug] 
[info] Starting Firebase development server...
[info] 
[info] Project Directory: /Users/user/Desktop/firebase
[info] Public Directory: public
[info] 
[info] Server listening at: http://localhost:5000
[debug] ----------------------------------------------------------------------
[debug] Command:      /usr/local/bin/node /usr/local/bin/firebase deploy
[debug] CLI Version:  3.0.4
[debug] Platform:     darwin
[debug] Node Version: v4.4.7
[debug] Time:         Wed Jul 27 2016 10:17:04 GMT+0700 (ICT)
[debug] ----------------------------------------------------------------------
[debug] 
[debug] > command requires scopes: ["email","openid","https://www.googleapis.com/auth/cloudplatformprojects.readonly","https://www.googleapis.com/auth/firebase"]
[debug] > refreshing access token with scopes: ["email","https://www.googleapis.com/auth/cloudplatformprojects.readonly","https://www.googleapis.com/auth/firebase","openid"]
[debug] >>> HTTP REQUEST POST https://www.googleapis.com/oauth2/v3/token
[debug] <<< HTTP RESPONSE 200
[debug] >>> HTTP REQUEST GET https://admin.firebase.com/v1/projects/siri-nova 
[debug] <<< HTTP RESPONSE 200
[debug] >>> HTTP REQUEST GET https://admin.firebase.com/v1/database/siri-nova/tokens 
[debug] <<< HTTP RESPONSE 200
[info] 
[info] === Deploying to 'siri-nova'...
[info] 
[info] i  deploying database, hosting
[info] ✔  database: rules ready to deploy.
[info] i  hosting: preparing public directory for upload...
[debug] >>> HTTP REQUEST PUT https://deploy.firebase.com/v1/hosting/siri-nova/uploads/-KNeLllNHQRdV5JabcbL?fileCount=1462&message= 
